0 info it worked if it ends with ok
1 verbose cli [ '/usr/bin/nodejs',
1 verbose cli   '/usr/bin/npm',
1 verbose cli   'i',
1 verbose cli   '--save',
1 verbose cli   'node-gyp@3.6.1' ]
2 info using npm@1.3.10
3 info using node@v0.10.25
4 verbose readDependencies using package.json deps
5 verbose cache add [ 'node-gyp@3.6.1', null ]
6 verbose cache add name=undefined spec="node-gyp@3.6.1" args=["node-gyp@3.6.1",null]
7 verbose parsed url { protocol: null,
7 verbose parsed url   slashes: null,
7 verbose parsed url   auth: null,
7 verbose parsed url   host: null,
7 verbose parsed url   port: null,
7 verbose parsed url   hostname: null,
7 verbose parsed url   hash: null,
7 verbose parsed url   search: null,
7 verbose parsed url   query: null,
7 verbose parsed url   pathname: 'node-gyp@3.6.1',
7 verbose parsed url   path: 'node-gyp@3.6.1',
7 verbose parsed url   href: 'node-gyp@3.6.1' }
8 verbose cache add name="node-gyp" spec="3.6.1" args=["node-gyp","3.6.1"]
9 verbose parsed url { protocol: null,
9 verbose parsed url   slashes: null,
9 verbose parsed url   auth: null,
9 verbose parsed url   host: null,
9 verbose parsed url   port: null,
9 verbose parsed url   hostname: null,
9 verbose parsed url   hash: null,
9 verbose parsed url   search: null,
9 verbose parsed url   query: null,
9 verbose parsed url   pathname: '3.6.1',
9 verbose parsed url   path: '3.6.1',
9 verbose parsed url   href: '3.6.1' }
10 verbose addNamed [ 'node-gyp', '3.6.1' ]
11 verbose addNamed [ '3.6.1', '3.6.1' ]
12 silly lockFile 49c31b19-node-gyp-3-6-1 node-gyp@3.6.1
13 verbose lock node-gyp@3.6.1 /home/parthspc/.npm/49c31b19-node-gyp-3-6-1.lock
14 verbose url raw node-gyp/3.6.1
15 verbose url resolving [ 'https://registry.npmjs.org/', './node-gyp/3.6.1' ]
16 verbose url resolved https://registry.npmjs.org/node-gyp/3.6.1
17 info trying registry request attempt 1 at 19:32:11
18 verbose etag "3FQDBKRQ3BONVA8EQEYR4LS3C"
19 http GET https://registry.npmjs.org/node-gyp/3.6.1
20 http 304 https://registry.npmjs.org/node-gyp/3.6.1
21 silly registry.get cb [ 304,
21 silly registry.get   { date: 'Fri, 08 Dec 2017 14:02:12 GMT',
21 silly registry.get     via: '1.1 varnish',
21 silly registry.get     'cache-control': 'max-age=300',
21 silly registry.get     etag: '"3FQDBKRQ3BONVA8EQEYR4LS3C"',
21 silly registry.get     age: '44',
21 silly registry.get     connection: 'keep-alive',
21 silly registry.get     'x-served-by': 'cache-sin18033-SIN',
21 silly registry.get     'x-cache': 'HIT',
21 silly registry.get     'x-cache-hits': '1',
21 silly registry.get     'x-timer': 'S1512741733.802954,VS0,VE0',
21 silly registry.get     vary: 'Accept-Encoding, Accept' } ]
22 verbose etag node-gyp/3.6.1 from cache
23 silly lockFile 79deffa3--org-node-gyp-node-gyp-3-6-1-tgz https://registry.npmjs.org/node-gyp/-/node-gyp-3.6.1.tgz
24 verbose lock https://registry.npmjs.org/node-gyp/-/node-gyp-3.6.1.tgz /home/parthspc/.npm/79deffa3--org-node-gyp-node-gyp-3-6-1-tgz.lock
25 verbose addRemoteTarball [ 'https://registry.npmjs.org/node-gyp/-/node-gyp-3.6.1.tgz',
25 verbose addRemoteTarball   '19561067ff185464aded478212681f47fd578cbc' ]
26 silly lockFile 79deffa3--org-node-gyp-node-gyp-3-6-1-tgz https://registry.npmjs.org/node-gyp/-/node-gyp-3.6.1.tgz
27 silly lockFile 79deffa3--org-node-gyp-node-gyp-3-6-1-tgz https://registry.npmjs.org/node-gyp/-/node-gyp-3.6.1.tgz
28 silly lockFile 49c31b19-node-gyp-3-6-1 node-gyp@3.6.1
29 silly lockFile 49c31b19-node-gyp-3-6-1 node-gyp@3.6.1
30 error Error: EACCES, mkdir '/home/parthspc/tmp/npm-5776-8SZ7bDyC'
30 error  { [Error: EACCES, mkdir '/home/parthspc/tmp/npm-5776-8SZ7bDyC']
30 error   errno: 3,
30 error   code: 'EACCES',
30 error   path: '/home/parthspc/tmp/npm-5776-8SZ7bDyC' }
31 error Please try running this command again as root/Administrator.
32 error System Linux 3.13.0-24-generic
33 error command "/usr/bin/nodejs" "/usr/bin/npm" "i" "--save" "node-gyp@3.6.1"
34 error cwd /home/parthspc/mod_helloworld
35 error node -v v0.10.25
36 error npm -v 1.3.10
37 error path /home/parthspc/tmp/npm-5776-8SZ7bDyC
38 error code EACCES
39 error errno 3
40 error stack Error: EACCES, mkdir '/home/parthspc/tmp/npm-5776-8SZ7bDyC'
41 verbose exit [ 3, true ]
